<?xml version="1.0" encoding="UTF-8"?>
<coverage generated="1634232285654" clover="3.2.0">
  <project timestamp="1634232285654" name="All files">
    <metrics statements="4" coveredstatements="4" conditionals="0" coveredconditionals="0" methods="2" coveredmethods="2" elements="6" coveredelements="6" complexity="0" loc="4" ncloc="4" packages="1" files="2" classes="2"/>
    <file name="counter.js" path="/home/fix/Projects/Microverse/pair-programming/javascript-capstone/utils/counter.js">
      <metrics statements="3" coveredstatements="3" conditionals="0" coveredconditionals="0" methods="2" coveredmethods="2"/>
      <line num="3" count="1" type="stmt"/>
      <line num="4" count="3" type="stmt"/>
      <line num="5" count="3" type="stmt"/>
    </file>
    <file name="sampleData.js" path="/home/fix/Projects/Microverse/pair-programming/javascript-capstone/utils/sampleData.js">
      <metrics statements="1" coveredstatements="1" conditionals="0" coveredconditionals="0" methods="0" coveredmethods="0"/>
      <line num="1" count="1" type="stmt"/>
    </file>
  </project>
</coverage>
