{"/home/fix/Projects/Microverse/pair-programming/javascript-capstone/utils/counter.js": {"path":"/home/fix/Projects/Microverse/pair-programming/javascript-capstone/utils/counter.js","statementMap":{"0":{"start":{"line":3,"column":32},"end":{"line":7,"column":1}},"1":{"start":{"line":4,"column":2},"end":{"line":6,"column":5}},"2":{"start":{"line":5,"column":4},"end":{"line":5,"column":25}}},"fnMap":{"0":{"name":"(anonymous_0)","decl":{"start":{"line":3,"column":32},"end":{"line":3,"column":33}},"loc":{"start":{"line":3,"column":44},"end":{"line":7,"column":1}},"line":3},"1":{"name":"(anonymous_1)","decl":{"start":{"line":4,"column":28},"end":{"line":4,"column":29}},"loc":{"start":{"line":4,"column":42},"end":{"line":6,"column":3}},"line":4}},"branchMap":{},"s":{"0":1,"1":3,"2":3},"f":{"0":3,"1":3},"b":{},"_coverageSchema":"1a1c01bbd47fc00a2c39e90264f33305004495a9","hash":"2829e5e415be8b93ab748050b4246d4525cf77e9"}
,"/home/fix/Projects/Microverse/pair-programming/javascript-capstone/utils/sampleData.js": {"path":"/home/fix/Projects/Microverse/pair-programming/javascript-capstone/utils/sampleData.js","statementMap":{"0":{"start":{"line":1,"column":26},"end":{"line":41,"column":1}}},"fnMap":{},"branchMap":{},"s":{"0":1},"f":{},"b":{},"_coverageSchema":"1a1c01bbd47fc00a2c39e90264f33305004495a9","hash":"2b22315a9f6a520721fd64557cb7e98e37b8bdc1"}
}
